<?xml version="1.0" encoding="UTF-8"?>
<!-- Generated by org.testng.reporters.JUnitReportReporter -->
<testsuite hostname="DESKTOP-I588ITP" failures="0" tests="3" name="jenkinsPack.LoginTestClass" time="0.875" errors="0" timestamp="04 Jun 2023 10:36:01 GMT" skipped="0">
  <testcase classname="jenkinsPack.LoginTestClass" name="navigateToUrl" time="0.393"/>
  <testcase classname="jenkinsPack.LoginTestClass" name="loginApp" time="0.416"/>
  <testcase classname="jenkinsPack.LoginTestClass" name="validateHomePageText" time="0.066"/>
</testsuite> <!-- jenkinsPack.LoginTestClass -->
