<?xml version="1.0" encoding="UTF-8"?>
<!-- Generated by org.testng.reporters.JUnitReportReporter -->
<testsuite hostname="DESKTOP-I588ITP" failures="0" tests="3" name="jenkinsPack.LoginTestClass" time="0.815" errors="0" timestamp="04 Jun 2023 12:18:48 GMT" skipped="0">
  <testcase classname="jenkinsPack.LoginTestClass" name="navigateToUrl" time="0.350"/>
  <testcase classname="jenkinsPack.LoginTestClass" name="loginApp" time="0.403"/>
  <testcase classname="jenkinsPack.LoginTestClass" name="validateHomePageText" time="0.062"/>
</testsuite> <!-- jenkinsPack.LoginTestClass -->
